<?xml version="1.0" encoding="UTF-8"?>
<!-- Generated by org.testng.reporters.JUnitReportReporter -->
<testsuite hostname="inbl01lap7071" failures="0" tests="1" name="TestCase.TC_002" time="12.182" errors="0" timestamp="19 Feb 2022 12:40:55 GMT" skipped="0">
  <testcase classname="TestCase.TC_002" name="validateLogin" time="12.182"/>
</testsuite> <!-- TestCase.TC_002 -->
